🚀 Starting CI/CD pipeline at Fri Oct 17 07:44:28 UTC 2025
📦 Detected changes. Running pipeline...
🧪 Running tests...
/home/asus/devops_lab/src/app.py:1: SyntaxWarning: invalid escape sequence '\!'
  print("Hello Devops\!")
Hello Devops\!
✅ Tests passed!
🚚 Deploying to staging...
sending incremental file list
./
app.py

sent 148 bytes  received 38 bytes  372.00 bytes/sec
total size is 24  speedup is 0.13
[main 7490685] Auto CI/CD run on 2025-10-17 07:44:28
 10 files changed, 116 insertions(+)
 create mode 100644 backups/devops_lab_backup_2025-10-16_12-38-49.tar.gz
 create mode 100644 logs/backup_report.txt
 create mode 100644 logs/ci_cd.log
 create mode 100755 scripts/auto_backup.sh
 create mode 100755 scripts/ci_cd_sim.sh
 create mode 100755 scripts/git_branch_automation.sh
 create mode 100644 src/app.py
 create mode 100644 staging/app.py
 create mode 100644 vesrion.txt
To https://github.com/Chinmay03droid/devops_lab.git
   fc628ab..7490685  main -> main
✅ CI/CD pipeline completed succcessfully at Fri Oct 17 07:45:03 UTC 2025
